{"numFailedTestSuites":1,"numFailedTests":2,"numPassedTestSuites":2,"numPassedTests":2,"numPendingTestSuites":0,"numPendingTests":0,"numRuntimeErrorTestSuites":0,"numTodoTests":0,"numTotalTestSuites":3,"numTotalTests":4,"openHandles":[],"snapshot":{"added":0,"didUpdate":false,"failure":false,"filesAdded":0,"filesRemoved":0,"filesRemovedList":[],"filesUnmatched":0,"filesUpdated":0,"matched":0,"total":0,"unchecked":0,"uncheckedKeysByFile":[],"unmatched":0,"updated":0},"startTime":1696192574409,"success":false,"testResults":[{"assertionResults":[{"ancestorTitles":["Blank Test Suite"],"duration":2,"failureDetails":[],"failureMessages":[],"fullName":"Blank Test Suite should always pass","invocations":1,"location":null,"numPassingAsserts":1,"retryReasons":[],"status":"passed","title":"should always pass"}],"endTime":1696192574828,"message":"","name":"/Users/merwanehamadi/code/flywheel/pages/prompt_generator/v3/Component.test.tsx","startTime":1696192574633,"status":"passed","summary":""},{"assertionResults":[{"ancestorTitles":["Blank Test Suite"],"duration":2,"failureDetails":[],"failureMessages":[],"fullName":"Blank Test Suite should always pass","invocations":1,"location":null,"numPassingAsserts":1,"retryReasons":[],"status":"passed","title":"should always pass"}],"endTime":1696192574831,"message":"","name":"/Users/merwanehamadi/code/flywheel/pages/module_fixture/v1/Component.test.tsx","startTime":1696192574633,"status":"passed","summary":""},{"assertionResults":[{"ancestorTitles":["TextCompletionButton Component"],"duration":1024,"failureDetails":[{"matcherResult":{"message":"expect(jest.fn()).toHaveBeenCalledWith(...expected)\n\nExpected: \"http://localhost:8000/v1/b1/text_completions/\", ObjectContaining {\"body\": \"{\\\"input\\\":\\\"What's the capital of America?\\\"}\", \"headers\": {\"Content-Type\": \"application/json\"}, \"method\": \"POST\"}\n\nNumber of calls: 0","pass":false}}],"failureMessages":["Error: expect(jest.fn()).toHaveBeenCalledWith(...expected)\n\nExpected: \"http://localhost:8000/v1/b1/text_completions/\", ObjectContaining {\"body\": \"{\\\"input\\\":\\\"What's the capital of America?\\\"}\", \"headers\": {\"Content-Type\": \"application/json\"}, \"method\": \"POST\"}\n\nNumber of calls: 0\n\nIgnored nodes: comments, script, style\n\u001b[36m<html>\u001b[39m\n  \u001b[36m<head />\u001b[39m\n  \u001b[36m<body>\u001b[39m\n    \u001b[36m<div>\u001b[39m\n      \u001b[36m<div>\u001b[39m\n        \u001b[36m<button>\u001b[39m\n          \u001b[0mCreate Text Completion\u001b[0m\n        \u001b[36m</button>\u001b[39m\n        \u001b[36m<input\u001b[39m\n          \u001b[33maria-label\u001b[39m=\u001b[32m\"chat input\"\u001b[39m\n          \u001b[33mplaceholder\u001b[39m=\u001b[32m\"Type your message here...\"\u001b[39m\n          \u001b[33mtype\u001b[39m=\u001b[32m\"text\"\u001b[39m\n        \u001b[36m/>\u001b[39m\n      \u001b[36m</div>\u001b[39m\n    \u001b[36m</div>\u001b[39m\n  \u001b[36m</body>\u001b[39m\n\u001b[36m</html>\u001b[39m\n    at toHaveBeenCalledWith (/Users/merwanehamadi/code/flywheel/pages/text_completer/v1/Component.test.tsx:35:28)\n    at runWithExpensiveErrorDiagnosticsDisabled (/Users/merwanehamadi/code/flywheel/node_modules/@testing-library/dom/dist/config.js:47:12)\n    at checkCallback (/Users/merwanehamadi/code/flywheel/node_modules/@testing-library/dom/dist/wait-for.js:123:77)\n    at checkRealTimersCallback (/Users/merwanehamadi/code/flywheel/node_modules/@testing-library/dom/dist/wait-for.js:117:16)\n    at Timeout.task [as _onTimeout] (/Users/merwanehamadi/code/flywheel/node_modules/jsdom/lib/jsdom/browser/Window.js:520:19)\n    at listOnTimeout (node:internal/timers:573:17)\n    at processTimers (node:internal/timers:514:7)"],"fullName":"TextCompletionButton Component should hit the /text_completions endpoint when clicked","invocations":1,"location":null,"numPassingAsserts":0,"retryReasons":[],"status":"failed","title":"should hit the /text_completions endpoint when clicked"},{"ancestorTitles":["TextCompletionButton Component"],"duration":30,"failureDetails":[{"matcherResult":{"message":"expect(jest.fn()).toHaveBeenCalledWith(...expected)\n\nExpected: called with 0 arguments\n\nNumber of calls: 0","pass":false}}],"failureMessages":["Error: expect(jest.fn()).toHaveBeenCalledWith(...expected)\n\nExpected: called with 0 arguments\n\nNumber of calls: 0\n    at Object.toHaveBeenCalledWith (/Users/merwanehamadi/code/flywheel/pages/text_completer/v1/Component.test.tsx:80:7)\n    at Promise.then.completed (/Users/merwanehamadi/code/flywheel/node_modules/jest-circus/build/utils.js:298:28)\n    at new Promise (<anonymous>)\n    at callAsyncCircusFn (/Users/merwanehamadi/code/flywheel/node_modules/jest-circus/build/utils.js:231:10)\n    at _callCircusTest (/Users/merwanehamadi/code/flywheel/node_modules/jest-circus/build/run.js:316:40)\n    at _runTest (/Users/merwanehamadi/code/flywheel/node_modules/jest-circus/build/run.js:252:3)\n    at _runTestsForDescribeBlock (/Users/merwanehamadi/code/flywheel/node_modules/jest-circus/build/run.js:126:9)\n    at _runTestsForDescribeBlock (/Users/merwanehamadi/code/flywheel/node_modules/jest-circus/build/run.js:121:9)\n    at run (/Users/merwanehamadi/code/flywheel/node_modules/jest-circus/build/run.js:71:3)\n    at runAndTransformResultsToJestFormat (/Users/merwanehamadi/code/flywheel/node_modules/jest-circus/build/legacy-code-todo-rewrite/jestAdapterInit.js:122:21)\n    at jestAdapter (/Users/merwanehamadi/code/flywheel/node_modules/jest-circus/build/legacy-code-todo-rewrite/jestAdapter.js:79:19)\n    at runTestInternal (/Users/merwanehamadi/code/flywheel/node_modules/jest-runner/build/runTest.js:367:16)\n    at runTest (/Users/merwanehamadi/code/flywheel/node_modules/jest-runner/build/runTest.js:444:34)\n    at Object.worker (/Users/merwanehamadi/code/flywheel/node_modules/jest-runner/build/testWorker.js:106:12)"],"fullName":"TextCompletionButton Component should render chat bar at the bottom and allow submission with Enter key","invocations":1,"location":null,"numPassingAsserts":1,"retryReasons":[],"status":"failed","title":"should render chat bar at the bottom and allow submission with Enter key"}],"endTime":1696192575939,"message":"  ● TextCompletionButton Component › should hit the /text_completions endpoint when clicked\n\n    expect(jest.fn()).toHaveBeenCalledWith(...expected)\n\n    Expected: \"http://localhost:8000/v1/b1/text_completions/\", ObjectContaining {\"body\": \"{\\\"input\\\":\\\"What's the capital of America?\\\"}\", \"headers\": {\"Content-Type\": \"application/json\"}, \"method\": \"POST\"}\n\n    Number of calls: 0\n\n    Ignored nodes: comments, script, style\n    \u001b[36m<html>\u001b[39m\n      \u001b[36m<head />\u001b[39m\n      \u001b[36m<body>\u001b[39m\n        \u001b[36m<div>\u001b[39m\n          \u001b[36m<div>\u001b[39m\n            \u001b[36m<button>\u001b[39m\n              \u001b[0mCreate Text Completion\u001b[0m\n            \u001b[36m</button>\u001b[39m\n            \u001b[36m<input\u001b[39m\n              \u001b[33maria-label\u001b[39m=\u001b[32m\"chat input\"\u001b[39m\n              \u001b[33mplaceholder\u001b[39m=\u001b[32m\"Type your message here...\"\u001b[39m\n              \u001b[33mtype\u001b[39m=\u001b[32m\"text\"\u001b[39m\n            \u001b[36m/>\u001b[39m\n          \u001b[36m</div>\u001b[39m\n        \u001b[36m</div>\u001b[39m\n      \u001b[36m</body>\u001b[39m\n    \u001b[36m</html>\u001b[39m\n\n      33 |\n      34 |     await waitFor(() => {\n    > 35 |       expect(global.fetch).toHaveBeenCalledWith(\n         |                            ^\n      36 |         'http://localhost:8000/v1/b1/text_completions/',\n      37 |         expect.objectContaining({\n      38 |           method: 'POST',\n\n      at toHaveBeenCalledWith (pages/text_completer/v1/Component.test.tsx:35:28)\n      at runWithExpensiveErrorDiagnosticsDisabled (node_modules/@testing-library/dom/dist/config.js:47:12)\n      at checkCallback (node_modules/@testing-library/dom/dist/wait-for.js:123:77)\n      at checkRealTimersCallback (node_modules/@testing-library/dom/dist/wait-for.js:117:16)\n      at Timeout.task [as _onTimeout] (node_modules/jsdom/lib/jsdom/browser/Window.js:520:19)\n\n  ● TextCompletionButton Component › should render chat bar at the bottom and allow submission with Enter key\n\n    expect(jest.fn()).toHaveBeenCalledWith(...expected)\n\n    Expected: called with 0 arguments\n\n    Number of calls: 0\n\n      78 |     expect(\n      79 |       global.fetch,\n    > 80 |     ).toHaveBeenCalledWith(/* your expected fetch parameters using inputContent */);\n         |       ^\n      81 |\n      82 |     // Optionally, if you want to check the content at the top, assuming it's a div or some container\n      83 |     const topContent = screen.getByRole('region', { name: /top content/i }); // using aria-label or similar for the top content area\n\n      at Object.toHaveBeenCalledWith (pages/text_completer/v1/Component.test.tsx:80:7)\n","name":"/Users/merwanehamadi/code/flywheel/pages/text_completer/v1/Component.test.tsx","startTime":1696192574635,"status":"failed","summary":""}],"wasInterrupted":false}
